  ConsoleBase.cpp
C:\Users\tommy\Documents\Coding Projects\SpaceGame\SpaceGame\ConsoleBase.cpp(83,40): warning C4018: '<': signed/unsigned mismatch
C:\Users\tommy\Documents\Coding Projects\SpaceGame\SpaceGame\ConsoleBase.cpp(90,59): warning C4018: '<': signed/unsigned mismatch
C:\Users\tommy\Documents\Coding Projects\SpaceGame\SpaceGame\ConsoleBase.cpp(151,40): warning C4018: '<': signed/unsigned mismatch
C:\Users\tommy\Documents\Coding Projects\SpaceGame\SpaceGame\ConsoleBase.cpp(158,60): warning C4018: '<': signed/unsigned mismatch
C:\Users\tommy\Documents\Coding Projects\SpaceGame\SpaceGame\ConsoleBase.cpp(206,41): warning C4018: '<': signed/unsigned mismatch
C:\Users\tommy\Documents\Coding Projects\SpaceGame\SpaceGame\ConsoleBase.cpp(243,20): warning C4018: '<': signed/unsigned mismatch
C:\Users\tommy\Documents\Coding Projects\SpaceGame\SpaceGame\ConsoleBase.cpp(252,20): warning C4018: '<': signed/unsigned mismatch
C:\Users\tommy\Documents\Coding Projects\SpaceGame\SpaceGame\ConsoleBase.cpp(285,11): warning C4018: '<': signed/unsigned mismatch
C:\Users\tommy\Documents\Coding Projects\SpaceGame\SpaceGame\ConsoleBase.cpp(298,42): warning C4018: '<': signed/unsigned mismatch
C:\Users\tommy\Documents\Coding Projects\SpaceGame\SpaceGame\ConsoleBase.cpp(382,19): warning C4267: 'return': conversion from 'size_t' to 'int', possible loss of data
C:\Users\tommy\Documents\Coding Projects\SpaceGame\SpaceGame\ConsoleBase.cpp(614,71): warning C4244: 'argument': conversion from 'int' to 'T', possible loss of data
          with
          [
              T=float
          ]
C:\Users\tommy\Documents\Coding Projects\SpaceGame\SpaceGame\ConsoleBase.cpp(614,59): warning C4244: 'argument': conversion from 'int' to 'T', possible loss of data
          with
          [
              T=float
          ]
  main.cpp
C:\Users\tommy\Documents\Coding Projects\SpaceGame\SpaceGame\main.cpp(7,105): warning C4244: 'argument': conversion from 'unsigned int' to 'T', possible loss of data
          with
          [
              T=float
          ]
C:\Users\tommy\Documents\Coding Projects\SpaceGame\SpaceGame\main.cpp(7,66): warning C4244: 'argument': conversion from 'unsigned int' to 'T', possible loss of data
          with
          [
              T=float
          ]
  Generating code
C:\Users\tommy\Documents\Coding Projects\SpaceGame\SpaceGame\ConsoleBase.cpp(540): warning C4715: 'ConsoleBase::Help': not all control paths return a value
  1 of 1506 functions (<0.1%) were compiled, the rest were copied from previous compilation.
    0 functions were new in current compilation
    6 functions had inline decision re-evaluated but remain unchanged
  Finished generating code
  Aquarium.vcxproj -> C:\Users\tommy\Documents\Coding Projects\SpaceGame\SpaceGame\x64\Release\SpaceGame.exe
